0 info it worked if it ends with ok
1 verbose cli [ '/Users/gbezyuk/.nvm/versions/io.js/v2.5.0/bin/iojs',
1 verbose cli   '/Users/gbezyuk/.nvm/versions/io.js/v2.5.0/bin/npm',
1 verbose cli   'publish' ]
2 info using npm@2.13.2
3 info using node@v2.5.0
4 verbose publish [ '.' ]
5 silly cache add args [ '.', null ]
6 verbose cache add spec .
7 silly cache add parsed spec { raw: '.',
7 silly cache add   scope: null,
7 silly cache add   name: null,
7 silly cache add   rawSpec: '.',
7 silly cache add   spec: '/w/lib/needlex',
7 silly cache add   type: 'directory' }
8 verbose addLocalDirectory /Users/gbezyuk/.npm/needlex/0.1.3/package.tgz not in flight; packing
9 verbose tar pack [ '/Users/gbezyuk/.npm/needlex/0.1.3/package.tgz',
9 verbose tar pack   '/w/lib/needlex' ]
10 verbose tarball /Users/gbezyuk/.npm/needlex/0.1.3/package.tgz
11 verbose folder /w/lib/needlex
12 info prepublish needlex@0.1.3
13 verbose addLocalTarball adding from inside cache /Users/gbezyuk/.npm/needlex/0.1.3/package.tgz
14 silly cache afterAdd needlex@0.1.3
15 verbose afterAdd /Users/gbezyuk/.npm/needlex/0.1.3/package/package.json not in flight; writing
16 verbose afterAdd /Users/gbezyuk/.npm/needlex/0.1.3/package/package.json written
17 silly publish { name: 'needlex',
17 silly publish   version: '0.1.3',
17 silly publish   description: 'A set of tools for speedometer-needle-like animations with javascript',
17 silly publish   main: 'src/Needlex.js',
17 silly publish   scripts: { test: 'mocha' },
17 silly publish   repository:
17 silly publish    { type: 'git',
17 silly publish      url: 'git+https://github.com/gbezyuk/needlex.git' },
17 silly publish   keywords: [ 'needle', 'speedometer', 'animation', 'javascript' ],
17 silly publish   author: { name: 'Grigoriy Bezyuk' },
17 silly publish   license: 'GPL-3.0',
17 silly publish   bugs: { url: 'https://github.com/gbezyuk/needlex/issues' },
17 silly publish   homepage: 'https://github.com/gbezyuk/needlex#readme',
17 silly publish   devDependencies:
17 silly publish    { chai: '^3.4.1',
17 silly publish      'chai-shallow-deep-almost-equal': '^1.3.0',
17 silly publish      mocha: '^2.3.4' },
17 silly publish   dependencies: { yanus: '^0.2.0' },
17 silly publish   readme: '# Needlex\nA set of tools for speedometer-needle-like animations with javascript\n[![Build Status](https://travis-ci.org/gbezyuk/needlex.png?branch=master)](https://travis-ci.org/gbezyuk/needlex)\n\n## How to use\n\n```\nNeedlex = require(\'Needlex\');\nNeedlex.getAngle(50); // Math.PI/2\nNeedlex.getAngle(40, 120); // Math.PI/3\n```\n\n## API\n\n### getAngle(value=0, max=100, min=0, oveflow=false, degrees=false)\nReturns angle value (in radians or in degrees) for the value and meter limits provided.\nBoth plain arguments and params object approaches allowed.\n\nExamples:\n```\nNeedlex.getAngle(); // 0\nNeedlex.getAngle(50); // Math.PI/2\nNeedlex.getAngle(40, 120); // Math.PI/3\nNeedlex.getAngle({val: 150, overflow: true, degrees: true}); // 270.0\n```\n\nSee test/getAngle.js for more examples.\n\n\n### getCoordinates(angle=0, r=100, x0=100, y0=100, degrees=false)\nReturns {x,y} coordinates for the angle, coordinates and measures provided.\nBoth plain arguments and params object approaches allowed.\n\nExamples:\n```\nNeedlex.getCoordinates(0); // {x: 0, y: 100}\nNeedlex.getCoordinates(Math.PI); // {x: 200, y: 100}\nNeedlex.getCoordinates(Math.PI*.5); // {x: 100, y: 0}\n```\n\nSee test/getCoordinates.js for more examples.\n',
17 silly publish   readmeFilename: 'README.md',
17 silly publish   gitHead: '4690b6eca8a6541614e514ff9ed6aa372f89fa67',
17 silly publish   _id: 'needlex@0.1.3',
17 silly publish   _shasum: '018c2434e9a4fec558967b543d401429f05b96f0',
17 silly publish   _from: '.' }
18 verbose getPublishConfig undefined
19 silly mapToRegistry name needlex
20 silly mapToRegistry using default registry
21 silly mapToRegistry registry https://registry.npmjs.org/
22 silly mapToRegistry uri https://registry.npmjs.org/needlex
23 verbose publish registryBase https://registry.npmjs.org/
24 silly publish uploading /Users/gbezyuk/.npm/needlex/0.1.3/package.tgz
25 verbose request uri https://registry.npmjs.org/needlex
26 verbose request sending authorization for write operation
27 info attempt registry request try #1 at 19:53:35
28 verbose request using bearer token for auth
29 verbose request id 74a3e4ad2230285f
30 http request PUT https://registry.npmjs.org/needlex
31 http 403 https://registry.npmjs.org/needlex
32 verbose headers { 'content-type': 'application/json',
32 verbose headers   'cache-control': 'max-age=60',
32 verbose headers   'content-length': '95',
32 verbose headers   'accept-ranges': 'bytes',
32 verbose headers   date: 'Sat, 05 Dec 2015 17:46:57 GMT',
32 verbose headers   via: '1.1 varnish',
32 verbose headers   connection: 'keep-alive',
32 verbose headers   'x-served-by': 'cache-fra1228-FRA',
32 verbose headers   'x-cache': 'MISS',
32 verbose headers   'x-cache-hits': '0',
32 verbose headers   'x-timer': 'S1449337616.232864,VS0,VE1738' }
33 verbose request invalidating /Users/gbezyuk/.npm/registry.npmjs.org/needlex on PUT
34 error publish Failed PUT 403
35 verbose stack Error: "You cannot publish over the previously published version 0.1.3." : needlex
35 verbose stack     at CachingRegistryClient.<anonymous> (/Users/gbezyuk/.nvm/versions/io.js/v2.5.0/lib/node_modules/npm/node_modules/npm-registry-client/lib/request.js:247:14)
35 verbose stack     at Request._callback (/Users/gbezyuk/.nvm/versions/io.js/v2.5.0/lib/node_modules/npm/node_modules/npm-registry-client/lib/request.js:170:14)
35 verbose stack     at Request.self.callback (/Users/gbezyuk/.nvm/versions/io.js/v2.5.0/lib/node_modules/npm/node_modules/request/request.js:197:22)
35 verbose stack     at emitTwo (events.js:87:13)
35 verbose stack     at Request.emit (events.js:172:7)
35 verbose stack     at Request.<anonymous> (/Users/gbezyuk/.nvm/versions/io.js/v2.5.0/lib/node_modules/npm/node_modules/request/request.js:1050:14)
35 verbose stack     at emitOne (events.js:82:20)
35 verbose stack     at Request.emit (events.js:169:7)
35 verbose stack     at IncomingMessage.<anonymous> (/Users/gbezyuk/.nvm/versions/io.js/v2.5.0/lib/node_modules/npm/node_modules/request/request.js:996:12)
35 verbose stack     at emitNone (events.js:72:20)
36 verbose statusCode 403
37 verbose pkgid needlex
38 verbose cwd /w/lib/needlex
39 error Darwin 15.0.0
40 error argv "/Users/gbezyuk/.nvm/versions/io.js/v2.5.0/bin/iojs" "/Users/gbezyuk/.nvm/versions/io.js/v2.5.0/bin/npm" "publish"
41 error node v2.5.0
42 error npm  v2.13.2
43 error code E403
44 error "You cannot publish over the previously published version 0.1.3." : needlex
45 error If you need help, you may report this error at:
45 error     <https://github.com/npm/npm/issues>
46 verbose exit [ 1, true ]
